{
  "stats": {
    "suites": 1,
    "tests": 1,
    "passes": 1,
    "pending": 0,
    "failures": 0,
    "start": "2024-07-09T00:25:15.873Z",
    "end": "2024-07-09T00:25:19.255Z",
    "duration": 3382,
    "testsRegistered": 1,
    "passPercent": 100,
    "pendingPercent": 0,
    "other": 0,
    "hasOther": false,
    "skipped": 0,
    "hasSkipped": false
  },
  "results": [
    {
      "uuid": "2a078c59-df94-465e-af2f-d2019b50be59",
      "title": "",
      "fullFile": "cypress\\e2e\\login.cy.js",
      "file": "cypress\\e2e\\login.cy.js",
      "beforeHooks": [],
      "afterHooks": [],
      "tests": [],
      "suites": [
        {
          "uuid": "d03527ca-d7f3-46be-84f4-ef5f92d25f6a",
          "title": "Login Scenario",
          "fullFile": "",
          "file": "",
          "beforeHooks": [],
          "afterHooks": [],
          "tests": [
            {
              "title": "Login with Valid Credentials (Qase ID: 1)",
              "fullTitle": "Login Scenario Login with Valid Credentials (Qase ID: 1)",
              "timedOut": null,
              "duration": 2054,
              "state": "passed",
              "speed": "fast",
              "pass": true,
              "fail": false,
              "pending": false,
              "context": null,
              "code": "cy.clearCookies();\ncy.visit('https://www.saucedemo.com/');\n_homepage.default.typeEmail('standard_user');\n_homepage.default.typePassword('secret_sauce');\n_homepage.default.clickBtnLogin();\n_homepage.default.validateUserLogin();",
              "err": {},
              "uuid": "c5f01ea9-765a-4396-af8d-7bb8f1b89d10",
              "parentUUID": "d03527ca-d7f3-46be-84f4-ef5f92d25f6a",
              "isHook": false,
              "skipped": false
            }
          ],
          "suites": [],
          "passes": [
            "c5f01ea9-765a-4396-af8d-7bb8f1b89d10"
          ],
          "failures": [],
          "pending": [],
          "skipped": [],
          "duration": 2054,
          "root": false,
          "rootEmpty": false,
          "_timeout": 2000
        }
      ],
      "passes": [],
      "failures": [],
      "pending": [],
      "skipped": [],
      "duration": 0,
      "root": true,
      "rootEmpty": true,
      "_timeout": 2000
    }
  ],
  "meta": {
    "mocha": {
      "version": "7.0.1"
    },
    "mochawesome": {
      "options": {
        "quiet": false,
        "reportFilename": "mochawesome",
        "saveHtml": false,
        "saveJson": true,
        "consoleReporter": "spec",
        "useInlineDiffs": false,
        "code": true
      },
      "version": "7.1.3"
    },
    "marge": {
      "options": {
        "id": "default",
        "charts": false,
        "overwrite": false,
        "html": false,
        "json": true,
        "reportDir": "cypress\\reports\\html\\.jsons"
      },
      "version": "6.2.0"
    }
  }
}